<html>
<head>
<title>TestNG:  Surefire test</title>
<link href="../testng.css" rel="stylesheet" type="text/css" />
<link href="../my-testng.css" rel="stylesheet" type="text/css" />

<style type="text/css">
.log { display: none;} 
.stack-trace { display: none;} 
</style>
<script type="text/javascript">
<!--
function flip(e) {
  current = e.style.display;
  if (current == 'block') {
    e.style.display = 'none';
    return 0;
  }
  else {
    e.style.display = 'block';
    return 1;
  }
}

function toggleBox(szDivId, elem, msg1, msg2)
{
  var res = -1;  if (document.getElementById) {
    res = flip(document.getElementById(szDivId));
  }
  else if (document.all) {
    // this is the way old msie versions work
    res = flip(document.all[szDivId]);
  }
  if(elem) {
    if(res == 0) elem.innerHTML = msg1; else elem.innerHTML = msg2;
  }

}

function toggleAllBoxes() {
  if (document.getElementsByTagName) {
    d = document.getElementsByTagName('div');
    for (i = 0; i < d.length; i++) {
      if (d[i].className == 'log') {
        flip(d[i]);
      }
    }
  }
}

// -->
</script>

</head>
<body>
<h2 align='center'>Surefire test</h2><table border='1' align="center">
<tr>
<td>Tests passed/Failed/Skipped:</td><td>7/1/0</td>
</tr><tr>
<td>Started on:</td><td>Sun Dec 29 19:49:49 IST 2024</td>
</tr>
<tr><td>Total time:</td><td>58 seconds (58321 ms)</td>
</tr><tr>
<td>Included groups:</td><td></td>
</tr><tr>
<td>Excluded groups:</td><td></td>
</tr>
</table><p/>
<small><i>(Hover the method name to see the test class name)</i></small><p/>
<table width='100%' border='1' class='invocation-failed'>
<tr><td colspan='4' align='center'><b>FAILED TESTS</b></td></tr>
<tr><td><b>Test method</b></td>
<td><b>Attribute(s)</b></td>
<td width="30%"><b>Exception</b></td>
<td width="10%"><b>Time (seconds)</b></td>
<td><b>Instance</b></td>
</tr>
<tr>
<td title='runners.Test_DemoBlaze_runner.runScenario()'><b>runScenario</b><br>Test class: runners.Test_DemoBlaze_runner<br>Test method: Runs Cucumber Scenarios<br>Parameters: "Sign up with valid credentials", "Sign up"</td>
<td><div><pre>java.lang.AssertionError: expected [true] but found [false]
	at stepdefinitions.Signup.user_should_successfully_signup_and_should_be_display(Signup.java:52)
	at ✽.User should successfully signup and &quot;Sign up successful.&quot; should be display(file:///C:/Users/Jagadish%20Moharana/OneDrive/Desktop/masai%20courses/cucumber/DemoBlaze_Cucumber_project/src/test/resources/features/Signup.feature:8)
... Removed 4 stack frames</pre></div><a href='#' onClick='toggleBox("stack-trace1805638598", this, "Click to show all stack frames", "Click to hide stack frames")'>Click to show all stack frames</a>
<div class='stack-trace' id='stack-trace1805638598'><pre>java.lang.AssertionError: expected [true] but found [false]
	at org.testng.Assert.fail(Assert.java:111)
	at org.testng.Assert.failNotEquals(Assert.java:1578)
	at org.testng.Assert.assertTrue(Assert.java:57)
	at org.testng.Assert.assertTrue(Assert.java:67)
	at stepdefinitions.Signup.user_should_successfully_signup_and_should_be_display(Signup.java:52)
	at ✽.User should successfully signup and &quot;Sign up successful.&quot; should be display(file:///C:/Users/Jagadish%20Moharana/OneDrive/Desktop/masai%20courses/cucumber/DemoBlaze_Cucumber_project/src/test/resources/features/Signup.feature:8)
</pre></div></td>
<td>5</td>
<td>runners.Test_DemoBlaze_runner@74e52303</td></tr>
</table><p>
<table width='100%' border='1' class='invocation-passed'>
<tr><td colspan='4' align='center'><b>PASSED TESTS</b></td></tr>
<tr><td><b>Test method</b></td>
<td><b>Attribute(s)</b></td>
<td width="30%"><b>Exception</b></td>
<td width="10%"><b>Time (seconds)</b></td>
<td><b>Instance</b></td>
</tr>
<tr>
<td title='runners.Test_DemoBlaze_runner.runScenario()'><b>runScenario</b><br>Test class: runners.Test_DemoBlaze_runner<br>Test method: Runs Cucumber Scenarios<br>Parameters: "Login with invalid credentials", "Login"</td>
<td></td>
<td>4</td>
<td>runners.Test_DemoBlaze_runner@74e52303</td></tr>
<tr>
<td title='runners.Test_DemoBlaze_runner.runScenario()'><b>runScenario</b><br>Test class: runners.Test_DemoBlaze_runner<br>Test method: Runs Cucumber Scenarios<br>Parameters: "Sign up with invalid credentials", "Sign up"</td>
<td></td>
<td>4</td>
<td>runners.Test_DemoBlaze_runner@74e52303</td></tr>
<tr>
<td title='runners.Test_DemoBlaze_runner.runScenario()'><b>runScenario</b><br>Test class: runners.Test_DemoBlaze_runner<br>Test method: Runs Cucumber Scenarios<br>Parameters: "place order", "Demo Blaze e2e"</td>
<td></td>
<td>18</td>
<td>runners.Test_DemoBlaze_runner@74e52303</td></tr>
<tr>
<td title='runners.Test_DemoBlaze_runner.runScenario()'><b>runScenario</b><br>Test class: runners.Test_DemoBlaze_runner<br>Test method: Runs Cucumber Scenarios<br>Parameters: "Login with valid credentials", "Login"</td>
<td></td>
<td>7</td>
<td>runners.Test_DemoBlaze_runner@74e52303</td></tr>
<tr>
<td title='runners.Test_DemoBlaze_runner.runScenario()'><b>runScenario</b><br>Test class: runners.Test_DemoBlaze_runner<br>Test method: Runs Cucumber Scenarios<br>Parameters: "Sign up with invalid credentials", "Sign up"</td>
<td></td>
<td>5</td>
<td>runners.Test_DemoBlaze_runner@74e52303</td></tr>
<tr>
<td title='runners.Test_DemoBlaze_runner.runScenario()'><b>runScenario</b><br>Test class: runners.Test_DemoBlaze_runner<br>Test method: Runs Cucumber Scenarios<br>Parameters: "Login with invalid credentials", "Login"</td>
<td></td>
<td>3</td>
<td>runners.Test_DemoBlaze_runner@74e52303</td></tr>
<tr>
<td title='runners.Test_DemoBlaze_runner.runScenario()'><b>runScenario</b><br>Test class: runners.Test_DemoBlaze_runner<br>Test method: Runs Cucumber Scenarios<br>Parameters: "Login with invalid credentials", "Login"</td>
<td></td>
<td>5</td>
<td>runners.Test_DemoBlaze_runner@74e52303</td></tr>
</table><p>
</body>
</html>