<?xml version="1.0" encoding="UTF-8"?>
<testng-results ignored="0" total="8" passed="7" failed="1" skipped="0">
  <reporter-output>
  </reporter-output>
  <suite started-at="2024-12-29T15:55:49 IST" name="Default suite" finished-at="2024-12-29T15:56:50 IST" duration-ms="61154">
    <groups>
      <group name="cucumber">
        <method signature="AbstractTestNGCucumberTests.runScenario(io.cucumber.testng.PickleWrapper,io.cucumber.testng.FeatureWrapper)[pri:0, instance:runners.Test_DemoBlaze_e2e_runner@610f7aa]" name="runScenario" class="io.cucumber.testng.AbstractTestNGCucumberTests"/>
      </group> <!-- cucumber -->
    </groups>
    <test started-at="2024-12-29T15:55:49 IST" name="Default test" finished-at="2024-12-29T15:56:50 IST" duration-ms="61154">
      <class name="runners.Test_DemoBlaze_e2e_runner">
        <test-method is-config="true" signature="setUpClass(org.testng.ITestContext)[pri:0, instance:runners.Test_DemoBlaze_e2e_runner@610f7aa]" started-at="2024-12-29T15:55:49 IST" name="setUpClass" finished-at="2024-12-29T15:55:50 IST" duration-ms="543" status="PASS">
          <params>
            <param index="0">
              <value>
                <![CDATA[org.testng.TestRunner@629b780f]]>
              </value>
            </param>
          </params>
          <reporter-output>
          </reporter-output>
        </test-method> <!-- setUpClass -->
        <test-method signature="runScenario(io.cucumber.testng.PickleWrapper,io.cucumber.testng.FeatureWrapper)[pri:0, instance:runners.Test_DemoBlaze_e2e_runner@610f7aa]" started-at="2024-12-29T15:55:50 IST" name="runScenario" description="Runs Cucumber Scenarios" data-provider="scenarios" finished-at="2024-12-29T15:56:09 IST" duration-ms="19290" status="PASS">
          <params>
            <param index="0">
              <value>
                <![CDATA["place order"]]>
              </value>
            </param>
            <param index="1">
              <value>
                <![CDATA["Demo Blaze e2e"]]>
              </value>
            </param>
          </params>
          <reporter-output>
          </reporter-output>
        </test-method> <!-- runScenario -->
        <test-method signature="runScenario(io.cucumber.testng.PickleWrapper,io.cucumber.testng.FeatureWrapper)[pri:0, instance:runners.Test_DemoBlaze_e2e_runner@610f7aa]" started-at="2024-12-29T15:56:09 IST" name="runScenario" description="Runs Cucumber Scenarios" data-provider="scenarios" finished-at="2024-12-29T15:56:16 IST" duration-ms="6674" status="PASS">
          <params>
            <param index="0">
              <value>
                <![CDATA["Login with valid credentials"]]>
              </value>
            </param>
            <param index="1">
              <value>
                <![CDATA["Login"]]>
              </value>
            </param>
          </params>
          <reporter-output>
          </reporter-output>
        </test-method> <!-- runScenario -->
        <test-method signature="runScenario(io.cucumber.testng.PickleWrapper,io.cucumber.testng.FeatureWrapper)[pri:0, instance:runners.Test_DemoBlaze_e2e_runner@610f7aa]" started-at="2024-12-29T15:56:16 IST" name="runScenario" description="Runs Cucumber Scenarios" data-provider="scenarios" finished-at="2024-12-29T15:56:21 IST" duration-ms="5106" status="PASS">
          <params>
            <param index="0">
              <value>
                <![CDATA["Login with invalid credentials"]]>
              </value>
            </param>
            <param index="1">
              <value>
                <![CDATA["Login"]]>
              </value>
            </param>
          </params>
          <reporter-output>
          </reporter-output>
        </test-method> <!-- runScenario -->
        <test-method signature="runScenario(io.cucumber.testng.PickleWrapper,io.cucumber.testng.FeatureWrapper)[pri:0, instance:runners.Test_DemoBlaze_e2e_runner@610f7aa]" started-at="2024-12-29T15:56:21 IST" name="runScenario" description="Runs Cucumber Scenarios" data-provider="scenarios" finished-at="2024-12-29T15:56:26 IST" duration-ms="5487" status="PASS">
          <params>
            <param index="0">
              <value>
                <![CDATA["Login with invalid credentials"]]>
              </value>
            </param>
            <param index="1">
              <value>
                <![CDATA["Login"]]>
              </value>
            </param>
          </params>
          <reporter-output>
          </reporter-output>
        </test-method> <!-- runScenario -->
        <test-method signature="runScenario(io.cucumber.testng.PickleWrapper,io.cucumber.testng.FeatureWrapper)[pri:0, instance:runners.Test_DemoBlaze_e2e_runner@610f7aa]" started-at="2024-12-29T15:56:26 IST" name="runScenario" description="Runs Cucumber Scenarios" data-provider="scenarios" finished-at="2024-12-29T15:56:30 IST" duration-ms="3993" status="PASS">
          <params>
            <param index="0">
              <value>
                <![CDATA["Login with invalid credentials"]]>
              </value>
            </param>
            <param index="1">
              <value>
                <![CDATA["Login"]]>
              </value>
            </param>
          </params>
          <reporter-output>
          </reporter-output>
        </test-method> <!-- runScenario -->
        <test-method signature="runScenario(io.cucumber.testng.PickleWrapper,io.cucumber.testng.FeatureWrapper)[pri:0, instance:runners.Test_DemoBlaze_e2e_runner@610f7aa]" started-at="2024-12-29T15:56:30 IST" name="runScenario" description="Runs Cucumber Scenarios" data-provider="scenarios" finished-at="2024-12-29T15:56:35 IST" duration-ms="5197" status="FAIL">
          <params>
            <param index="0">
              <value>
                <![CDATA["Sign up with valid credentials"]]>
              </value>
            </param>
            <param index="1">
              <value>
                <![CDATA["Sign up"]]>
              </value>
            </param>
          </params>
          <exception class="java.lang.AssertionError">
            <message>
              <![CDATA[expected [true] but found [false]]]>
            </message>
            <full-stacktrace>
              <![CDATA[java.lang.AssertionError: expected [true] but found [false]
at org.testng.Assert.fail(Assert.java:111)
at org.testng.Assert.failNotEquals(Assert.java:1578)
at org.testng.Assert.assertTrue(Assert.java:57)
at org.testng.Assert.assertTrue(Assert.java:67)
at stepdefinitions.Signup.user_should_successfully_signup_and_should_be_display(Signup.java:52)
at âœ½.User should successfully signup and "Sign up successful." should be display(file:///C:/Users/Jagadish%20Moharana/OneDrive/Desktop/masai%20courses/cucumber/DemoBlaze_Cucumber_project/src/test/resources/features/Signup.feature:8)
]]>
            </full-stacktrace>
          </exception> <!-- java.lang.AssertionError -->
          <reporter-output>
          </reporter-output>
        </test-method> <!-- runScenario -->
        <test-method signature="runScenario(io.cucumber.testng.PickleWrapper,io.cucumber.testng.FeatureWrapper)[pri:0, instance:runners.Test_DemoBlaze_e2e_runner@610f7aa]" started-at="2024-12-29T15:56:35 IST" name="runScenario" description="Runs Cucumber Scenarios" data-provider="scenarios" finished-at="2024-12-29T15:56:42 IST" duration-ms="6318" status="PASS">
          <params>
            <param index="0">
              <value>
                <![CDATA["Sign up with invalid credentials"]]>
              </value>
            </param>
            <param index="1">
              <value>
                <![CDATA["Sign up"]]>
              </value>
            </param>
          </params>
          <reporter-output>
          </reporter-output>
        </test-method> <!-- runScenario -->
        <test-method signature="runScenario(io.cucumber.testng.PickleWrapper,io.cucumber.testng.FeatureWrapper)[pri:0, instance:runners.Test_DemoBlaze_e2e_runner@610f7aa]" started-at="2024-12-29T15:56:42 IST" name="runScenario" description="Runs Cucumber Scenarios" data-provider="scenarios" finished-at="2024-12-29T15:56:46 IST" duration-ms="4114" status="PASS">
          <params>
            <param index="0">
              <value>
                <![CDATA["Sign up with invalid credentials"]]>
              </value>
            </param>
            <param index="1">
              <value>
                <![CDATA["Sign up"]]>
              </value>
            </param>
          </params>
          <reporter-output>
          </reporter-output>
        </test-method> <!-- runScenario -->
        <test-method is-config="true" signature="tearDownClass()[pri:0, instance:runners.Test_DemoBlaze_e2e_runner@610f7aa]" started-at="2024-12-29T15:56:46 IST" name="tearDownClass" finished-at="2024-12-29T15:56:50 IST" duration-ms="4367" status="PASS">
          <reporter-output>
          </reporter-output>
        </test-method> <!-- tearDownClass -->
      </class> <!-- runners.Test_DemoBlaze_e2e_runner -->
    </test> <!-- Default test -->
  </suite> <!-- Default suite -->
</testng-results>
